1535193931562	geckodriver	INFO	geckodriver 0.21.0
1535193931566	geckodriver	INFO	Listening on 127.0.0.1:57215
1535193932636	mozrunner::runner	INFO	Running command: "/usr/bin/firefox" "-marionette" "-foreground" "-no-remote" "-profile" "/tmp/rust_mozprofile.IzYb55ZF014u"
1535193936480	Marionette	INFO	Listening on port 39027
1535193936549	Marionette	WARN	TLS certificate errors will be ignored for this session
*** UTM:SVC TimerManager:registerTimer called after profile-before-change notification. Ignoring timer registration for id: telemetry_modules_ping
1535194199257	geckodriver	INFO	geckodriver 0.21.0
1535194199260	geckodriver	INFO	Listening on 127.0.0.1:43555
1535194200265	mozrunner::runner	INFO	Running command: "/usr/bin/firefox" "-marionette" "-foreground" "-no-remote" "-profile" "/tmp/rust_mozprofile.LIK4isWTWvAa"
1535194203408	Marionette	INFO	Listening on port 37597
1535194203498	Marionette	WARN	TLS certificate errors will be ignored for this session
1535194365069	geckodriver	INFO	geckodriver 0.21.0
1535194365073	geckodriver	INFO	Listening on 127.0.0.1:46461
1535194366108	mozrunner::runner	INFO	Running command: "/usr/bin/firefox" "-marionette" "-foreground" "-no-remote" "-profile" "/tmp/rust_mozprofile.m1Bg2i0u8dQp"
1535194368768	Marionette	INFO	Listening on port 45699
1535194368823	Marionette	WARN	TLS certificate errors will be ignored for this session
JavaScript error: resource://gre/modules/Sqlite.jsm, line 841: Error: Connection is not open.
*** UTM:SVC TimerManager:registerTimer called after profile-before-change notification. Ignoring timer registration for id: telemetry_modules_ping
1535194662666	geckodriver	INFO	geckodriver 0.21.0
1535194662671	geckodriver	INFO	Listening on 127.0.0.1:36007
1535194663679	mozrunner::runner	INFO	Running command: "/usr/bin/firefox" "-marionette" "-foreground" "-no-remote" "-profile" "/tmp/rust_mozprofile.fr1LmDcdIcAe"
1535194666268	Marionette	INFO	Listening on port 36465
1535194666288	Marionette	WARN	TLS certificate errors will be ignored for this session
*** UTM:SVC TimerManager:registerTimer called after profile-before-change notification. Ignoring timer registration for id: telemetry_modules_ping
[Parent 6850, Gecko_IOThread] WARNING: pipe error (72): Connection reset by peer: file /build/firefox-oscv9o/firefox-61.0.1+build1/ipc/chromium/src/chrome/common/ipc_channel_posix.cc, line 353
1535195605077	geckodriver	INFO	geckodriver 0.21.0
1535195605081	geckodriver	INFO	Listening on 127.0.0.1:48369
1535195606088	mozrunner::runner	INFO	Running command: "/usr/bin/firefox" "-marionette" "-foreground" "-no-remote" "-profile" "/tmp/rust_mozprofile.yrUkvW5dOms6"
1535195608984	Marionette	INFO	Listening on port 40285
1535195608999	Marionette	WARN	TLS certificate errors will be ignored for this session
[Parent 8752, Gecko_IOThread] WARNING: pipe error (62): Connection reset by peer: file /build/firefox-oscv9o/firefox-61.0.1+build1/ipc/chromium/src/chrome/common/ipc_channel_posix.cc, line 353
*** UTM:SVC TimerManager:registerTimer called after profile-before-change notification. Ignoring timer registration for id: telemetry_modules_ping
1535195678992	geckodriver	INFO	geckodriver 0.21.0
1535195678996	geckodriver	INFO	Listening on 127.0.0.1:51593
1535195679998	mozrunner::runner	INFO	Running command: "/usr/bin/firefox" "-marionette" "-foreground" "-no-remote" "-profile" "/tmp/rust_mozprofile.4VNiP5Q9tIel"
1535195682684	Marionette	INFO	Listening on port 43497
1535195682709	Marionette	WARN	TLS certificate errors will be ignored for this session
*** UTM:SVC TimerManager:registerTimer called after profile-before-change notification. Ignoring timer registration for id: telemetry_modules_ping
1535195749250	geckodriver	INFO	geckodriver 0.21.0
1535195749256	geckodriver	INFO	Listening on 127.0.0.1:37551
1535195750258	mozrunner::runner	INFO	Running command: "/usr/bin/firefox" "-marionette" "-headless" "-foreground" "-no-remote" "-profile" "/tmp/rust_mozprofile.LGfHNwioFV4X"
*** You are running in headless mode.
1535195752800	Marionette	INFO	Listening on port 43311
1535195752866	Marionette	WARN	TLS certificate errors will be ignored for this session
*** UTM:SVC TimerManager:registerTimer called after profile-before-change notification. Ignoring timer registration for id: telemetry_modules_ping
1535274248598	geckodriver	INFO	geckodriver 0.21.0
1535274248710	geckodriver	INFO	Listening on 127.0.0.1:58959
1535274249696	mozrunner::runner	INFO	Running command: "/usr/bin/firefox" "-marionette" "-headless" "-foreground" "-no-remote" "-profile" "/tmp/rust_mozprofile.gwjheLAbCRKd"
*** You are running in headless mode.
1535274259797	Marionette	INFO	Listening on port 34589
1535274259921	Marionette	WARN	TLS certificate errors will be ignored for this session
1535274323576	geckodriver	INFO	geckodriver 0.21.0
1535274323580	geckodriver	INFO	Listening on 127.0.0.1:59477
1535274324584	mozrunner::runner	INFO	Running command: "/usr/bin/firefox" "-marionette" "-foreground" "-no-remote" "-profile" "/tmp/rust_mozprofile.cVQgIRcITak0"
1535274327427	Marionette	INFO	Listening on port 46507
1535274327492	Marionette	WARN	TLS certificate errors will be ignored for this session
1535274362939	geckodriver	INFO	geckodriver 0.21.0
1535274362943	geckodriver	INFO	Listening on 127.0.0.1:58553
1535274363951	mozrunner::runner	INFO	Running command: "/usr/bin/firefox" "-marionette" "-foreground" "-no-remote" "-profile" "/tmp/rust_mozprofile.1WIez4HNdHdQ"
1535274366948	Marionette	INFO	Listening on port 37657
1535274366978	Marionette	WARN	TLS certificate errors will be ignored for this session
[Parent 15008, Gecko_IOThread] WARNING: pipe error (75): Connection reset by peer: file /build/firefox-oscv9o/firefox-61.0.1+build1/ipc/chromium/src/chrome/common/ipc_channel_posix.cc, line 353
*** UTM:SVC TimerManager:registerTimer called after profile-before-change notification. Ignoring timer registration for id: telemetry_modules_ping
1535274414515	geckodriver	INFO	geckodriver 0.21.0
1535274414519	geckodriver	INFO	Listening on 127.0.0.1:57595
1535274415525	mozrunner::runner	INFO	Running command: "/usr/bin/firefox" "-marionette" "-headless" "-foreground" "-no-remote" "-profile" "/tmp/rust_mozprofile.OZfyAEesdIEG"
*** You are running in headless mode.
1535274417992	Marionette	INFO	Listening on port 38483
1535274418034	Marionette	WARN	TLS certificate errors will be ignored for this session
1535274448994	geckodriver	INFO	geckodriver 0.21.0
1535274448998	geckodriver	INFO	Listening on 127.0.0.1:46491
1535274450011	mozrunner::runner	INFO	Running command: "/usr/bin/firefox" "-marionette" "-headless" "-foreground" "-no-remote" "-profile" "/tmp/rust_mozprofile.wor47vKZmW8Q"
*** You are running in headless mode.
1535274452653	Marionette	INFO	Listening on port 38143
1535274452728	Marionette	WARN	TLS certificate errors will be ignored for this session
[Parent 15705, Gecko_IOThread] WARNING: pipe error (52): Connection reset by peer: file /build/firefox-oscv9o/firefox-61.0.1+build1/ipc/chromium/src/chrome/common/ipc_channel_posix.cc, line 353
*** UTM:SVC TimerManager:registerTimer called after profile-before-change notification. Ignoring timer registration for id: telemetry_modules_ping
1535274530188	geckodriver	INFO	geckodriver 0.21.0
1535274530193	geckodriver	INFO	Listening on 127.0.0.1:60675
1535274531199	mozrunner::runner	INFO	Running command: "/usr/bin/firefox" "-marionette" "-headless" "-foreground" "-no-remote" "-profile" "/tmp/rust_mozprofile.gl68rS2gpybf"
*** You are running in headless mode.
1535274534050	Marionette	INFO	Listening on port 45153
1535274534109	Marionette	WARN	TLS certificate errors will be ignored for this session
1535274827636	geckodriver	INFO	geckodriver 0.21.0
1535274827641	geckodriver	INFO	Listening on 127.0.0.1:48939
1535274828645	mozrunner::runner	INFO	Running command: "/usr/bin/firefox" "-marionette" "-headless" "-foreground" "-no-remote" "-profile" "/tmp/rust_mozprofile.fCHggouQ3G8T"
*** You are running in headless mode.
1535274831085	Marionette	INFO	Listening on port 32845
1535274831153	Marionette	WARN	TLS certificate errors will be ignored for this session
1535274899919	geckodriver	INFO	geckodriver 0.21.0
1535274899923	geckodriver	INFO	Listening on 127.0.0.1:46485
1535274900927	mozrunner::runner	INFO	Running command: "/usr/bin/firefox" "-marionette" "-headless" "-foreground" "-no-remote" "-profile" "/tmp/rust_mozprofile.2U6URBfzScBb"
*** You are running in headless mode.
1535274903249	Marionette	INFO	Listening on port 36759
1535274903341	Marionette	WARN	TLS certificate errors will be ignored for this session
[Parent 17977, Gecko_IOThread] WARNING: pipe error (52): Connection reset by peer: file /build/firefox-oscv9o/firefox-61.0.1+build1/ipc/chromium/src/chrome/common/ipc_channel_posix.cc, line 353
*** UTM:SVC TimerManager:registerTimer called after profile-before-change notification. Ignoring timer registration for id: telemetry_modules_ping
1535281968156	geckodriver	INFO	geckodriver 0.21.0
1535281968160	geckodriver	INFO	Listening on 127.0.0.1:45619
1535281969163	mozrunner::runner	INFO	Running command: "/usr/bin/firefox" "-marionette" "-headless" "-foreground" "-no-remote" "-profile" "/tmp/rust_mozprofile.Jsb7bGMemUGM"
*** You are running in headless mode.
1535281971668	Marionette	INFO	Listening on port 41851
1535281971674	Marionette	WARN	TLS certificate errors will be ignored for this session
*** UTM:SVC TimerManager:registerTimer called after profile-before-change notification. Ignoring timer registration for id: telemetry_modules_ping
1535282040178	geckodriver	INFO	geckodriver 0.21.0
1535282040182	geckodriver	INFO	Listening on 127.0.0.1:35581
1535282041194	mozrunner::runner	INFO	Running command: "/usr/bin/firefox" "-marionette" "-headless" "-foreground" "-no-remote" "-profile" "/tmp/rust_mozprofile.2gdK5GDMtmBX"
*** You are running in headless mode.
1535282044655	Marionette	INFO	Listening on port 45141
1535282044713	Marionette	WARN	TLS certificate errors will be ignored for this session
[Parent 23568, Gecko_IOThread] WARNING: pipe error (64): Connection reset by peer: file /build/firefox-oscv9o/firefox-61.0.1+build1/ipc/chromium/src/chrome/common/ipc_channel_posix.cc, line 353
*** UTM:SVC TimerManager:registerTimer called after profile-before-change notification. Ignoring timer registration for id: telemetry_modules_ping
1535282518703	geckodriver	INFO	geckodriver 0.21.0
1535282518707	geckodriver	INFO	Listening on 127.0.0.1:55675
1535282519714	mozrunner::runner	INFO	Running command: "/usr/bin/firefox" "-marionette" "-headless" "-foreground" "-no-remote" "-profile" "/tmp/rust_mozprofile.tdkRw5wbx1eE"
*** You are running in headless mode.
1535282522532	Marionette	INFO	Listening on port 41855
1535282522624	Marionette	WARN	TLS certificate errors will be ignored for this session
JavaScript warning: https://code.jquery.com/jquery-1.10.2.min.js, line 1: Using //@ to indicate sourceMappingURL pragmas is deprecated. Use //# instead

###!!! [Child][MessageChannel] Error: (msgtype=0x550027,name=PNecko::Msg_RemoveRequestContext) Channel closing: too late to send/recv, messages will be lost


###!!! [Child][RunMessage] Error: Channel closing: too late to send/recv, messages will be lost


###!!! [Child][RunMessage] Error: Channel closing: too late to send/recv, messages will be lost

[Child 25370, Chrome_ChildThread] WARNING: pipe error (3): Connection reset by peer: file /build/firefox-oscv9o/firefox-61.0.1+build1/ipc/chromium/src/chrome/common/ipc_channel_posix.cc, line 353
1535310816926	geckodriver	INFO	geckodriver 0.21.0
1535310817052	geckodriver	INFO	Listening on 127.0.0.1:47657
1535310818367	mozrunner::runner	INFO	Running command: "/usr/bin/firefox" "-marionette" "-headless" "-foreground" "-no-remote" "-profile" "/tmp/rust_mozprofile.OFTdQn7yKEkl"
*** You are running in headless mode.
1535310831999	Marionette	INFO	Listening on port 40193
1535310832064	Marionette	WARN	TLS certificate errors will be ignored for this session
JavaScript warning: https://code.jquery.com/jquery-1.10.2.min.js, line 1: Using //@ to indicate sourceMappingURL pragmas is deprecated. Use //# instead

###!!! [Child][RunMessage] Error: Channel closing: too late to send/recv, messages will be lost


###!!! [Child][RunMessage] Error: Channel closing: too late to send/recv, messages will be lost

